d:\msys64\home\malongfei\horseplayer\windows\code\src\xplay\x64\debug\vc140.pdb
d:\msys64\home\malongfei\horseplayer\windows\code\src\xplay\x64\debug\xplay.obj
d:\msys64\home\malongfei\horseplayer\windows\code\src\xplay\x64\debug\main.obj
d:\msys64\home\malongfei\horseplayer\windows\code\src\xplay\x64\debug\moc_xplay.obj
d:\msys64\home\malongfei\horseplayer\windows\code\src\xplay\x64\debug\qrc_xplay.obj
d:\msys64\home\malongfei\horseplayer\windows\code\src\xplay\generatedfiles\debug\moc_xplay.cpp
d:\msys64\home\malongfei\horseplayer\windows\code\src\xplay\generatedfiles\ui_xplay.h
d:\msys64\home\malongfei\horseplayer\windows\code\src\xplay\generatedfiles\qrc_xplay.cpp
d:\msys64\home\malongfei\horseplayer\windows\code\bin\xplay.ilk
d:\msys64\home\malongfei\horseplayer\windows\code\bin\xplay.exe
d:\msys64\home\malongfei\horseplayer\windows\code\bin\xplay.pdb
d:\msys64\home\malongfei\horseplayer\windows\code\src\xplay\..\..\bin\xplay.exe
d:\msys64\home\malongfei\horseplayer\windows\code\src\xplay\x64\debug\xplay.tlog\cl.command.1.tlog
d:\msys64\home\malongfei\horseplayer\windows\code\src\xplay\x64\debug\xplay.tlog\cl.read.1.tlog
d:\msys64\home\malongfei\horseplayer\windows\code\src\xplay\x64\debug\xplay.tlog\cl.write.1.tlog
d:\msys64\home\malongfei\horseplayer\windows\code\src\xplay\x64\debug\xplay.tlog\custombuild.command.1.tlog
d:\msys64\home\malongfei\horseplayer\windows\code\src\xplay\x64\debug\xplay.tlog\custombuild.read.1.tlog
d:\msys64\home\malongfei\horseplayer\windows\code\src\xplay\x64\debug\xplay.tlog\custombuild.write.1.tlog
d:\msys64\home\malongfei\horseplayer\windows\code\src\xplay\x64\debug\xplay.tlog\link.command.1.tlog
d:\msys64\home\malongfei\horseplayer\windows\code\src\xplay\x64\debug\xplay.tlog\link.read.1.tlog
d:\msys64\home\malongfei\horseplayer\windows\code\src\xplay\x64\debug\xplay.tlog\link.write.1.tlog
